TN:
SF:/Users/jn015941/Workspaces/dicomParser/src/bigEndianByteArrayParser.js
FNF:0
FNH:0
DA:17,120
DA:18,1
DA:20,119
DA:21,1
DA:24,118
DA:38,5
DA:39,1
DA:41,4
DA:42,1
DA:44,3
DA:47,3
DA:48,1
DA:51,3
DA:64,7
DA:65,1
DA:68,6
DA:69,1
DA:72,5
DA:77,5
DA:90,5
DA:91,1
DA:94,4
DA:95,1
DA:98,3
DA:103,3
DA:116,6
DA:117,1
DA:120,5
DA:121,1
DA:125,4
DA:127,4
DA:128,4
DA:129,4
DA:130,4
DA:131,4
DA:134,4
DA:147,6
DA:148,1
DA:151,5
DA:152,1
DA:156,4
DA:158,4
DA:159,4
DA:160,4
DA:161,4
DA:162,4
DA:163,4
DA:164,4
DA:165,4
DA:166,4
DA:169,4
LF:51
LH:51
BRDA:17,0,0,1
BRDA:17,0,1,119
BRDA:20,1,0,1
BRDA:20,1,1,118
BRDA:38,2,0,1
BRDA:38,2,1,4
BRDA:41,3,0,1
BRDA:41,3,1,3
BRDA:47,4,0,1
BRDA:47,4,1,2
BRDA:64,5,0,1
BRDA:64,5,1,6
BRDA:68,6,0,1
BRDA:68,6,1,5
BRDA:90,7,0,1
BRDA:90,7,1,4
BRDA:94,8,0,1
BRDA:94,8,1,3
BRDA:116,9,0,1
BRDA:116,9,1,5
BRDA:120,10,0,1
BRDA:120,10,1,4
BRDA:147,11,0,1
BRDA:147,11,1,5
BRDA:151,12,0,1
BRDA:151,12,1,4
BRF:26
BRH:26
end_of_record
TN:
SF:/Users/jn015941/Workspaces/dicomParser/src/byteArrayParser.js
FN:17,readFixedString
FNF:1
FNH:1
FNDA:418,readFixedString
DA:18,418
DA:19,1
DA:22,417
DA:23,1
DA:26,416
DA:29,416
DA:30,1257
DA:31,1257
DA:32,23
DA:34,23
DA:36,1234
DA:39,393
LF:12
LH:12
BRDA:18,0,0,1
BRDA:18,0,1,417
BRDA:22,1,0,1
BRDA:22,1,1,416
BRDA:31,2,0,23
BRDA:31,2,1,1234
BRF:6
BRH:6
end_of_record
TN:
SF:/Users/jn015941/Workspaces/dicomParser/src/sharedCopy.js
FN:15,sharedCopy
FNF:1
FNH:1
FNDA:5,sharedCopy
DA:16,5
DA:17,0
DA:18,5
DA:19,5
DA:21,0
LF:5
LH:3
BRDA:16,0,0,0
BRDA:16,0,1,5
BRDA:16,1,0,5
BRDA:16,1,1,5
BRDA:18,2,0,5
BRDA:18,2,1,0
BRF:6
BRH:4
end_of_record
TN:
SF:/Users/jn015941/Workspaces/dicomParser/src/byteStream.js
FN:25,(anonymous_0)
FN:54,(anonymous_1)
FN:67,(anonymous_2)
FN:86,(anonymous_3)
FN:101,(anonymous_4)
FN:117,(anonymous_5)
FNF:6
FNH:6
FNDA:99,(anonymous_0)
FNDA:479,(anonymous_1)
FNDA:6,(anonymous_2)
FNDA:1163,(anonymous_3)
FNDA:90,(anonymous_4)
FNDA:391,(anonymous_5)
DA:26,99
DA:27,1
DA:29,98
DA:30,1
DA:32,97
DA:34,1
DA:36,96
DA:37,1
DA:39,95
DA:40,1
DA:42,94
DA:43,94
DA:44,94
DA:45,94
DA:55,479
DA:56,1
DA:58,478
DA:68,6
DA:69,1
DA:71,5
DA:73,5
DA:75,5
DA:87,1163
DA:89,1162
DA:91,1162
DA:102,90
DA:104,89
DA:106,89
DA:118,391
DA:120,389
DA:122,389
LF:31
LH:31
BRDA:26,0,0,1
BRDA:26,0,1,98
BRDA:29,1,0,1
BRDA:29,1,1,97
BRDA:32,2,0,1
BRDA:32,2,1,96
BRDA:32,3,0,97
BRDA:32,3,1,1
BRDA:36,4,0,1
BRDA:36,4,1,95
BRDA:39,5,0,1
BRDA:39,5,1,94
BRDA:44,6,0,4
BRDA:44,6,1,90
BRDA:55,7,0,1
BRDA:55,7,1,478
BRDA:68,8,0,1
BRDA:68,8,1,5
BRF:18
BRH:18
end_of_record
TN:
SF:/Users/jn015941/Workspaces/dicomParser/src/littleEndianByteArrayParser.js
FNF:0
FNH:0
DA:18,1063
DA:19,1
DA:22,1062
DA:23,2
DA:26,1060
DA:40,6
DA:41,1
DA:43,5
DA:44,1
DA:47,4
DA:50,4
DA:51,3
DA:54,4
DA:68,98
DA:69,1
DA:72,97
DA:73,2
DA:76,95
DA:92,5
DA:93,1
DA:96,4
DA:97,1
DA:100,3
DA:116,6
DA:117,1
DA:120,5
DA:121,1
DA:125,4
DA:127,4
DA:128,4
DA:129,4
DA:130,4
DA:132,4
DA:134,4
DA:147,6
DA:148,1
DA:151,5
DA:152,1
DA:156,4
DA:158,4
DA:159,4
DA:160,4
DA:161,4
DA:162,4
DA:163,4
DA:164,4
DA:165,4
DA:167,4
DA:169,4
LF:49
LH:49
BRDA:18,0,0,1
BRDA:18,0,1,1062
BRDA:22,1,0,2
BRDA:22,1,1,1060
BRDA:40,2,0,1
BRDA:40,2,1,5
BRDA:43,3,0,1
BRDA:43,3,1,4
BRDA:50,4,0,3
BRDA:50,4,1,1
BRDA:68,5,0,1
BRDA:68,5,1,97
BRDA:72,6,0,2
BRDA:72,6,1,95
BRDA:92,7,0,1
BRDA:92,7,1,4
BRDA:96,8,0,1
BRDA:96,8,1,3
BRDA:116,9,0,1
BRDA:116,9,1,5
BRDA:120,10,0,1
BRDA:120,10,1,4
BRDA:147,11,0,1
BRDA:147,11,1,5
BRDA:151,12,0,1
BRDA:151,12,1,4
BRF:26
BRH:26
end_of_record
TN:
SF:/Users/jn015941/Workspaces/dicomParser/src/util/util.js
FN:38,(anonymous_0)
FN:45,(anonymous_1)
FN:59,(anonymous_2)
FNF:3
FNH:2
FNDA:0,(anonymous_0)
FNDA:2,(anonymous_1)
FNDA:10,(anonymous_2)
DA:1,2
DA:38,2
DA:45,2
DA:46,2
DA:47,2
DA:50,2
DA:59,2
DA:60,10
DA:61,0
DA:63,10
DA:66,10
LF:11
LH:10
BRDA:60,0,0,0
BRDA:60,0,1,10
BRF:2
BRH:1
end_of_record
TN:
SF:/Users/jn015941/Workspaces/dicomParser/src/util/parseTM.js
FN:7,parseTM
FNF:1
FNH:1
FNDA:13,parseTM
DA:8,13
DA:12,13
DA:13,13
DA:14,13
DA:15,13
DA:17,13
DA:18,4
DA:26,4
DA:30,9
DA:38,0
DA:39,0
DA:42,0
LF:12
LH:9
BRDA:8,0,0,13
BRDA:8,0,1,0
BRDA:13,1,0,9
BRDA:13,1,1,4
BRDA:14,2,0,9
BRDA:14,2,1,4
BRDA:15,3,0,9
BRDA:15,3,1,4
BRDA:17,4,0,4
BRDA:17,4,1,9
BRDA:18,5,0,4
BRDA:18,5,1,0
BRDA:18,6,0,4
BRDA:18,6,1,4
BRDA:18,6,2,4
BRDA:18,6,3,4
BRDA:18,6,4,4
BRDA:18,6,5,4
BRDA:18,6,6,4
BRDA:18,6,7,3
BRDA:18,6,8,3
BRDA:18,6,9,2
BRDA:18,6,10,2
BRDA:18,6,11,2
BRDA:18,6,12,1
BRDA:18,6,13,1
BRDA:18,6,14,1
BRDA:18,6,15,0
BRDA:18,6,16,0
BRDA:18,6,17,0
BRDA:38,7,0,0
BRDA:38,7,1,0
BRF:32
BRH:25
end_of_record
TN:
SF:/Users/jn015941/Workspaces/dicomParser/src/util/parseDA.js
FN:2,daysInMonth
FN:13,isValidDate
FN:29,parseDA
FNF:3
FNH:3
FNDA:2,daysInMonth
FNDA:7,isValidDate
FNDA:9,parseDA
DA:3,2
DA:5,2
DA:7,0
DA:9,0
DA:15,7
DA:16,1
DA:19,6
DA:30,9
DA:31,8
DA:32,8
DA:33,8
DA:35,8
DA:36,7
DA:37,6
DA:41,2
DA:47,1
DA:48,1
DA:51,0
LF:18
LH:15
BRDA:3,0,0,2
BRDA:3,0,1,0
BRDA:3,0,2,0
BRDA:3,0,3,0
BRDA:3,0,4,0
BRDA:3,0,5,0
BRDA:5,1,0,1
BRDA:5,1,1,1
BRDA:5,2,0,2
BRDA:5,2,1,1
BRDA:5,2,2,1
BRDA:15,3,0,1
BRDA:15,3,1,6
BRDA:19,4,0,6
BRDA:19,4,1,3
BRDA:19,4,2,3
BRDA:19,4,3,2
BRDA:30,5,0,8
BRDA:30,5,1,1
BRDA:30,6,0,9
BRDA:30,6,1,9
BRDA:35,7,0,7
BRDA:35,7,1,1
BRDA:36,8,0,6
BRDA:36,8,1,1
BRDA:47,9,0,1
BRDA:47,9,1,0
BRF:27
BRH:21
end_of_record
TN:
SF:/Users/jn015941/Workspaces/dicomParser/src/util/elementToString.js
FN:10,explicitElementToString
FN:22,multiElementToString
FNF:2
FNH:0
FNDA:0,explicitElementToString
FNDA:0,multiElementToString
DA:11,0
DA:12,0
DA:14,0
DA:15,0
DA:17,0
DA:18,0
DA:23,0
DA:25,0
DA:26,0
DA:27,0
DA:29,0
DA:32,0
DA:35,0
DA:36,0
DA:37,0
DA:38,0
DA:40,0
DA:41,0
DA:43,0
DA:44,0
DA:47,0
DA:48,0
DA:49,0
DA:50,0
DA:51,0
DA:52,0
DA:53,0
DA:54,0
DA:55,0
DA:56,0
DA:57,0
DA:58,0
DA:59,0
DA:62,0
LF:34
LH:0
BRDA:11,0,0,0
BRDA:11,0,1,0
BRDA:11,1,0,0
BRDA:11,1,1,0
BRDA:14,2,0,0
BRDA:14,2,1,0
BRDA:26,3,0,0
BRDA:26,3,1,0
BRDA:35,4,0,0
BRDA:35,4,1,0
BRDA:37,5,0,0
BRDA:37,5,1,0
BRDA:40,6,0,0
BRDA:40,6,1,0
BRDA:43,7,0,0
BRDA:43,7,1,0
BRDA:48,8,0,0
BRDA:48,8,1,0
BRDA:50,9,0,0
BRDA:50,9,1,0
BRDA:52,10,0,0
BRDA:52,10,1,0
BRDA:54,11,0,0
BRDA:54,11,1,0
BRDA:56,12,0,0
BRDA:56,12,1,0
BRDA:58,13,0,0
BRDA:58,13,1,0
BRF:28
BRH:0
end_of_record
TN:
SF:/Users/jn015941/Workspaces/dicomParser/src/util/dataSetToJS.js
FN:9,explicitDataSetToJS
FNF:1
FNH:0
FNDA:0,explicitDataSetToJS
DA:10,0
DA:11,0
DA:14,0
DA:19,0
DA:23,0
DA:24,0
DA:27,0
DA:28,0
DA:31,0
DA:33,0
DA:35,0
DA:36,0
DA:38,0
DA:42,0
DA:43,0
DA:44,0
DA:47,0
DA:48,0
DA:50,0
DA:58,0
LF:20
LH:0
BRDA:10,0,0,0
BRDA:10,0,1,0
BRDA:14,1,0,0
BRDA:14,1,1,0
BRDA:27,2,0,0
BRDA:27,2,1,0
BRDA:27,3,0,0
BRDA:27,3,1,0
BRDA:31,4,0,0
BRDA:31,4,1,0
BRDA:43,5,0,0
BRDA:43,5,1,0
BRDA:47,6,0,0
BRDA:47,6,1,0
BRF:14
BRH:0
end_of_record
TN:
SF:/Users/jn015941/Workspaces/dicomParser/src/util/createJPEGBasicOffsetTable.js
FN:2,isEndOfImageMarker
FN:7,isFragmentEndOfImage
FN:20,findLastImageFrameFragmentIndex
FN:35,createJPEGBasicOffsetTable
FNF:4
FNH:0
FNDA:0,isEndOfImageMarker
FNDA:0,isFragmentEndOfImage
FNDA:0,findLastImageFrameFragmentIndex
FNDA:0,createJPEGBasicOffsetTable
DA:3,0
DA:8,0
DA:12,0
DA:14,0
DA:17,0
DA:21,0
DA:22,0
DA:23,0
DA:37,0
DA:38,0
DA:40,0
DA:41,0
DA:43,0
DA:44,0
DA:46,0
DA:47,0
DA:49,0
DA:50,0
DA:52,0
DA:53,0
DA:55,0
DA:56,0
DA:58,0
DA:59,0
DA:61,0
DA:62,0
DA:66,0
DA:68,0
DA:70,0
DA:72,0
DA:74,0
DA:75,0
DA:77,0
DA:78,0
DA:80,0
LF:35
LH:0
BRDA:3,0,0,0
BRDA:3,0,1,0
BRDA:12,1,0,0
BRDA:12,1,1,0
BRDA:12,2,0,0
BRDA:12,2,1,0
BRDA:22,3,0,0
BRDA:22,3,1,0
BRDA:37,4,0,0
BRDA:37,4,1,0
BRDA:40,5,0,0
BRDA:40,5,1,0
BRDA:43,6,0,0
BRDA:43,6,1,0
BRDA:46,7,0,0
BRDA:46,7,1,0
BRDA:49,8,0,0
BRDA:49,8,1,0
BRDA:52,9,0,0
BRDA:52,9,1,0
BRDA:55,10,0,0
BRDA:55,10,1,0
BRDA:58,11,0,0
BRDA:58,11,1,0
BRDA:61,12,0,0
BRDA:61,12,1,0
BRDA:61,13,0,0
BRDA:61,13,1,0
BRDA:66,14,0,0
BRDA:66,14,1,0
BRDA:77,15,0,0
BRDA:77,15,1,0
BRDA:77,16,0,0
BRDA:77,16,1,0
BRF:34
BRH:0
end_of_record
TN:
SF:/Users/jn015941/Workspaces/dicomParser/src/util/index.js
FNF:0
FNH:0
LF:0
LH:0
BRF:0
BRH:0
end_of_record
TN:
SF:/Users/jn015941/Workspaces/dicomParser/src/readTag.js
FN:11,readTag
FNF:1
FNH:1
FNDA:419,readTag
DA:12,419
DA:13,0
DA:16,419
DA:17,419
DA:18,419
DA:20,419
LF:6
LH:5
BRDA:12,0,0,0
BRDA:12,0,1,419
BRF:2
BRH:1
end_of_record
TN:
SF:/Users/jn015941/Workspaces/dicomParser/src/findEndOfEncapsulatedPixelData.js
FN:14,findEndOfEncapsulatedElement
FNF:1
FNH:0
FNDA:0,findEndOfEncapsulatedElement
DA:15,0
DA:16,0
DA:19,0
DA:20,0
DA:23,0
DA:24,0
DA:25,0
DA:27,0
DA:29,0
DA:30,0
DA:33,0
DA:34,0
DA:36,0
DA:37,0
DA:39,0
DA:42,0
DA:44,0
DA:45,0
DA:46,0
DA:48,0
DA:49,0
DA:50,0
DA:52,0
DA:53,0
DA:54,0
DA:60,0
DA:61,0
DA:64,0
DA:66,0
DA:69,0
DA:75,0
DA:76,0
DA:78,0
DA:81,0
DA:84,0
DA:85,0
LF:36
LH:0
BRDA:15,0,0,0
BRDA:15,0,1,0
BRDA:19,1,0,0
BRDA:19,1,1,0
BRDA:29,2,0,0
BRDA:29,2,1,0
BRDA:48,3,0,0
BRDA:48,3,1,0
BRDA:53,4,0,0
BRDA:53,4,1,0
BRDA:60,5,0,0
BRDA:60,5,1,0
BRDA:64,6,0,0
BRDA:64,6,1,0
BRDA:84,7,0,0
BRDA:84,7,1,0
BRF:16
BRH:0
end_of_record
TN:
SF:/Users/jn015941/Workspaces/dicomParser/src/findAndSetUNElementLength.js
FN:11,findAndSetUNElementLength
FNF:1
FNH:0
FNDA:0,findAndSetUNElementLength
DA:12,0
DA:13,0
DA:17,0
DA:18,0
DA:20,0
DA:21,0
DA:23,0
DA:24,0
DA:26,0
DA:29,0
DA:31,0
DA:32,0
DA:34,0
DA:36,0
DA:43,0
DA:44,0
LF:16
LH:0
BRDA:12,0,0,0
BRDA:12,0,1,0
BRDA:23,1,0,0
BRDA:23,1,1,0
BRDA:26,2,0,0
BRDA:26,2,1,0
BRDA:31,3,0,0
BRDA:31,3,1,0
BRF:8
BRH:0
end_of_record
TN:
SF:/Users/jn015941/Workspaces/dicomParser/src/findItemDelimitationItem.js
FN:11,findItemDelimitationItemAndSetElementLength
FNF:1
FNH:1
FNDA:1,findItemDelimitationItemAndSetElementLength
DA:12,1
DA:13,0
DA:16,1
DA:17,1
DA:19,1
DA:20,0
DA:22,0
DA:23,0
DA:25,0
DA:28,0
DA:30,0
DA:31,0
DA:34,0
DA:36,0
DA:42,1
DA:43,1
LF:16
LH:6
BRDA:12,0,0,0
BRDA:12,0,1,1
BRDA:22,1,0,0
BRDA:22,1,1,0
BRDA:25,2,0,0
BRDA:25,2,1,0
BRDA:30,3,0,0
BRDA:30,3,1,0
BRF:8
BRH:1
end_of_record
TN:
SF:/Users/jn015941/Workspaces/dicomParser/src/dataSet.js
FN:24,getByteArrayParser
FN:36,(anonymous_1)
FN:48,(anonymous_2)
FN:65,(anonymous_3)
FN:82,(anonymous_4)
FN:99,(anonymous_5)
FN:116,(anonymous_6)
FN:133,(anonymous_7)
FN:149,(anonymous_8)
FN:177,(anonymous_9)
FN:205,(anonymous_10)
FN:231,(anonymous_11)
FN:253,(anonymous_12)
FN:273,(anonymous_13)
FNF:14
FNH:14
FNDA:35,getByteArrayParser
FNDA:54,(anonymous_1)
FNDA:11,(anonymous_2)
FNDA:5,(anonymous_3)
FNDA:8,(anonymous_4)
FNDA:5,(anonymous_5)
FNDA:5,(anonymous_6)
FNDA:5,(anonymous_7)
FNDA:1,(anonymous_8)
FNDA:20,(anonymous_9)
FNDA:1,(anonymous_10)
FNDA:2,(anonymous_11)
FNDA:1,(anonymous_12)
FNDA:2,(anonymous_13)
DA:25,35
DA:37,54
DA:38,54
DA:39,54
DA:49,11
DA:51,11
DA:52,11
DA:53,10
DA:56,1
DA:66,5
DA:68,5
DA:69,5
DA:70,4
DA:73,1
DA:83,8
DA:85,8
DA:86,8
DA:87,7
DA:90,1
DA:100,5
DA:102,5
DA:103,5
DA:104,4
DA:107,1
DA:117,5
DA:119,5
DA:120,5
DA:121,4
DA:124,1
DA:134,5
DA:136,5
DA:137,5
DA:138,4
DA:141,1
DA:150,1
DA:152,1
DA:153,1
DA:154,1
DA:156,1
DA:157,0
DA:160,1
DA:163,0
DA:178,20
DA:180,20
DA:181,20
DA:183,20
DA:184,4
DA:187,4
DA:190,16
DA:193,0
DA:206,1
DA:208,1
DA:209,1
DA:211,1
DA:212,0
DA:215,0
DA:218,1
DA:221,0
DA:232,2
DA:234,2
DA:235,2
DA:236,2
DA:238,2
DA:239,2
DA:243,0
DA:254,1
DA:256,1
DA:257,1
DA:258,1
DA:260,1
DA:261,1
DA:265,0
DA:274,2
DA:276,2
DA:277,2
DA:278,2
DA:279,2
DA:281,2
DA:284,0
LF:79
LH:70
BRDA:25,0,0,12
BRDA:25,0,1,23
BRDA:51,1,0,3
BRDA:51,1,1,8
BRDA:52,2,0,10
BRDA:52,2,1,1
BRDA:52,3,0,11
BRDA:52,3,1,10
BRDA:68,4,0,3
BRDA:68,4,1,2
BRDA:69,5,0,4
BRDA:69,5,1,1
BRDA:69,6,0,5
BRDA:69,6,1,4
BRDA:85,7,0,3
BRDA:85,7,1,5
BRDA:86,8,0,7
BRDA:86,8,1,1
BRDA:86,9,0,8
BRDA:86,9,1,7
BRDA:102,10,0,3
BRDA:102,10,1,2
BRDA:103,11,0,4
BRDA:103,11,1,1
BRDA:103,12,0,5
BRDA:103,12,1,4
BRDA:119,13,0,3
BRDA:119,13,1,2
BRDA:120,14,0,4
BRDA:120,14,1,1
BRDA:120,15,0,5
BRDA:120,15,1,4
BRDA:136,16,0,3
BRDA:136,16,1,2
BRDA:137,17,0,4
BRDA:137,17,1,1
BRDA:137,18,0,5
BRDA:137,18,1,4
BRDA:152,19,0,1
BRDA:152,19,1,0
BRDA:152,20,0,1
BRDA:152,20,1,1
BRDA:156,21,0,0
BRDA:156,21,1,1
BRDA:180,22,0,20
BRDA:180,22,1,0
BRDA:180,23,0,20
BRDA:180,23,1,20
BRDA:183,24,0,4
BRDA:183,24,1,16
BRDA:208,25,0,1
BRDA:208,25,1,0
BRDA:208,26,0,1
BRDA:208,26,1,1
BRDA:211,27,0,0
BRDA:211,27,1,1
BRDA:234,28,0,2
BRDA:234,28,1,0
BRDA:234,29,0,2
BRDA:234,29,1,2
BRDA:235,30,0,1
BRDA:235,30,1,1
BRDA:238,31,0,2
BRDA:238,31,1,0
BRDA:256,32,0,1
BRDA:256,32,1,0
BRDA:256,33,0,1
BRDA:256,33,1,1
BRDA:257,34,0,0
BRDA:257,34,1,1
BRDA:260,35,0,1
BRDA:260,35,1,0
BRDA:276,36,0,2
BRDA:276,36,1,0
BRDA:276,37,0,2
BRDA:276,37,1,2
BRF:76
BRH:65
end_of_record
TN:
SF:/Users/jn015941/Workspaces/dicomParser/src/readSequenceItem.js
FN:15,readSequenceItem
FNF:1
FNH:1
FNDA:7,readSequenceItem
DA:16,7
DA:17,0
DA:20,7
DA:26,7
DA:27,1
DA:30,6
LF:6
LH:5
BRDA:16,0,0,0
BRDA:16,0,1,7
BRDA:26,1,0,1
BRDA:26,1,1,6
BRF:4
BRH:3
end_of_record
TN:
SF:/Users/jn015941/Workspaces/dicomParser/src/readSequenceElementExplicit.js
FN:11,readDicomDataSetExplicitUndefinedLength
FN:32,readSequenceItemExplicit
FN:47,readSQElementUndefinedLengthExplicit
FN:70,readSQElementKnownLengthExplicit
FN:80,readSequenceItemsExplicit
FNF:5
FNH:2
FNDA:0,readDicomDataSetExplicitUndefinedLength
FNDA:0,readSequenceItemExplicit
FNDA:1,readSQElementUndefinedLengthExplicit
FNDA:0,readSQElementKnownLengthExplicit
FNDA:1,readSequenceItemsExplicit
DA:12,0
DA:14,0
DA:15,0
DA:17,0
DA:21,0
DA:22,0
DA:27,0
DA:29,0
DA:33,0
DA:35,0
DA:36,0
DA:37,0
DA:38,0
DA:40,0
DA:41,0
DA:44,0
DA:48,1
DA:50,0
DA:52,0
DA:53,0
DA:55,0
DA:56,0
DA:58,0
DA:61,0
DA:63,0
DA:66,1
DA:67,1
DA:71,0
DA:73,0
DA:74,0
DA:76,0
DA:81,1
DA:82,0
DA:85,1
DA:86,0
DA:89,1
DA:91,1
DA:92,1
DA:94,0
LF:39
LH:8
BRDA:21,0,0,0
BRDA:21,0,1,0
BRDA:35,1,0,0
BRDA:35,1,1,0
BRDA:53,2,0,0
BRDA:53,2,1,0
BRDA:81,3,0,0
BRDA:81,3,1,1
BRDA:85,4,0,0
BRDA:85,4,1,1
BRDA:91,5,0,1
BRDA:91,5,1,0
BRF:12
BRH:3
end_of_record
TN:
SF:/Users/jn015941/Workspaces/dicomParser/src/readDicomElementExplicit.js
FN:11,(anonymous_0)
FN:24,readDicomElementExplicit
FNF:2
FNH:2
FNDA:382,(anonymous_0)
FNDA:382,readDicomElementExplicit
DA:11,8
DA:12,382
DA:18,61
DA:21,321
DA:25,382
DA:26,0
DA:29,382
DA:36,382
DA:38,382
DA:39,321
DA:40,321
DA:42,61
DA:43,61
DA:44,61
DA:47,382
DA:48,0
DA:51,382
DA:52,0
DA:56,382
DA:57,0
DA:59,0
DA:62,382
DA:63,0
DA:64,0
DA:66,0
DA:67,0
DA:68,0
DA:70,0
DA:73,0
DA:75,0
DA:78,382
DA:80,382
LF:32
LH:19
BRDA:12,0,0,61
BRDA:12,0,1,321
BRDA:12,1,0,382
BRDA:12,1,1,321
BRDA:12,1,2,321
BRDA:12,1,3,321
BRDA:12,1,4,321
BRDA:12,1,5,321
BRDA:25,2,0,0
BRDA:25,2,1,382
BRDA:38,3,0,321
BRDA:38,3,1,61
BRDA:47,4,0,0
BRDA:47,4,1,382
BRDA:51,5,0,0
BRDA:51,5,1,382
BRDA:56,6,0,0
BRDA:56,6,1,382
BRDA:62,7,0,0
BRDA:62,7,1,382
BRDA:63,8,0,0
BRDA:63,8,1,0
BRDA:67,9,0,0
BRDA:67,9,1,0
BRF:24
BRH:15
end_of_record
TN:
SF:/Users/jn015941/Workspaces/dicomParser/src/readSequenceElementImplicit.js
FN:11,readDicomDataSetImplicitUndefinedLength
FN:32,readSequenceItemImplicit
FN:47,readSQElementUndefinedLengthImplicit
FN:71,readSQElementKnownLengthImplicit
FN:87,readSequenceItemsImplicit
FNF:5
FNH:5
FNDA:2,readDicomDataSetImplicitUndefinedLength
FNDA:7,readSequenceItemImplicit
FNDA:5,readSQElementUndefinedLengthImplicit
FNDA:4,readSQElementKnownLengthImplicit
FNDA:11,readSequenceItemsImplicit
DA:12,2
DA:14,2
DA:15,3
DA:17,3
DA:21,3
DA:22,1
DA:27,1
DA:29,1
DA:33,7
DA:35,6
DA:36,2
DA:37,2
DA:38,2
DA:40,4
DA:41,4
DA:44,5
DA:48,5
DA:50,6
DA:52,6
DA:54,6
DA:56,3
DA:57,3
DA:59,3
DA:62,3
DA:64,3
DA:67,2
DA:68,2
DA:72,4
DA:74,4
DA:75,4
DA:77,2
DA:88,11
DA:89,1
DA:92,10
DA:93,1
DA:96,9
DA:98,9
DA:99,5
DA:101,4
LF:39
LH:39
BRDA:21,0,0,1
BRDA:21,0,1,2
BRDA:35,1,0,2
BRDA:35,1,1,4
BRDA:54,2,0,3
BRDA:54,2,1,3
BRDA:88,3,0,1
BRDA:88,3,1,10
BRDA:92,4,0,1
BRDA:92,4,1,9
BRDA:98,5,0,5
BRDA:98,5,1,4
BRF:12
BRH:12
end_of_record
TN:
SF:/Users/jn015941/Workspaces/dicomParser/src/readDicomElementImplicit.js
FN:9,(anonymous_0)
FN:32,readDicomElementImplicit
FNF:2
FNH:2
FNDA:18,(anonymous_0)
FNDA:18,readDicomElementImplicit
DA:9,8
DA:11,18
DA:12,7
DA:15,11
DA:16,6
DA:18,6
DA:24,6
DA:27,5
DA:29,5
DA:33,18
DA:34,0
DA:37,18
DA:43,18
DA:44,2
DA:47,18
DA:48,0
DA:51,18
DA:53,4
DA:55,2
DA:60,14
DA:61,1
DA:63,1
DA:67,13
DA:69,13
LF:24
LH:22
BRDA:11,0,0,7
BRDA:11,0,1,11
BRDA:15,1,0,6
BRDA:15,1,1,5
BRDA:24,2,0,6
BRDA:24,2,1,4
BRDA:33,3,0,0
BRDA:33,3,1,18
BRDA:43,4,0,2
BRDA:43,4,1,16
BRDA:47,5,0,0
BRDA:47,5,1,18
BRDA:51,6,0,4
BRDA:51,6,1,14
BRDA:60,7,0,1
BRDA:60,7,1,13
BRF:16
BRH:14
end_of_record
TN:
SF:/Users/jn015941/Workspaces/dicomParser/src/parseDicomDataSet.js
FN:13,parseDicomDataSetExplicit
FN:45,parseDicomDataSetImplicit
FNF:2
FNH:2
FNDA:37,parseDicomDataSetExplicit
FNDA:6,parseDicomDataSetImplicit
DA:14,37
DA:16,37
DA:17,0
DA:20,37
DA:21,0
DA:24,37
DA:26,37
DA:27,355
DA:29,355
DA:30,355
DA:31,0
DA:35,37
DA:36,0
DA:46,6
DA:48,6
DA:49,0
DA:52,6
DA:53,1
DA:56,5
DA:58,5
DA:59,6
DA:61,6
DA:62,6
DA:63,0
LF:24
LH:18
BRDA:13,0,0,37
BRDA:14,1,0,35
BRDA:14,1,1,2
BRDA:16,2,0,0
BRDA:16,2,1,37
BRDA:20,3,0,0
BRDA:20,3,1,37
BRDA:20,4,0,37
BRDA:20,4,1,37
BRDA:30,5,0,0
BRDA:30,5,1,355
BRDA:35,6,0,0
BRDA:35,6,1,37
BRDA:45,7,0,1
BRDA:46,8,0,0
BRDA:46,8,1,6
BRDA:48,9,0,0
BRDA:48,9,1,6
BRDA:52,10,0,1
BRDA:52,10,1,5
BRDA:52,11,0,6
BRDA:52,11,1,6
BRDA:62,12,0,0
BRDA:62,12,1,6
BRF:24
BRH:17
end_of_record
TN:
SF:/Users/jn015941/Workspaces/dicomParser/src/alloc.js
FN:7,alloc
FNF:1
FNH:0
FNDA:0,alloc
DA:8,0
DA:9,0
DA:10,0
DA:11,0
DA:13,0
LF:5
LH:0
BRDA:8,0,0,0
BRDA:8,0,1,0
BRDA:8,1,0,0
BRDA:8,1,1,0
BRDA:10,2,0,0
BRDA:10,2,1,0
BRF:6
BRH:0
end_of_record
TN:
SF:/Users/jn015941/Workspaces/dicomParser/src/version.js
FNF:0
FNH:0
LF:0
LH:0
BRF:0
BRH:0
end_of_record
TN:
SF:/Users/jn015941/Workspaces/dicomParser/src/readPart10Header.js
FN:18,readPart10Header
FN:25,readPrefix
FN:35,readTheHeader
FNF:3
FNH:3
FNDA:3,readPart10Header
FNDA:3,readPrefix
FNDA:3,readTheHeader
DA:19,3
DA:20,0
DA:23,3
DA:26,3
DA:27,3
DA:29,3
DA:30,0
DA:38,3
DA:40,3
DA:41,3
DA:43,3
DA:44,21
DA:45,21
DA:47,21
DA:48,3
DA:49,3
DA:53,18
DA:54,18
DA:57,3
DA:59,3
DA:60,3
DA:62,3
DA:66,3
LF:23
LH:21
BRDA:19,0,0,0
BRDA:19,0,1,3
BRDA:29,1,0,0
BRDA:29,1,1,3
BRDA:47,2,0,3
BRDA:47,2,1,18
BRF:6
BRH:4
end_of_record
TN:
SF:/Users/jn015941/Workspaces/dicomParser/src/parseDicom.js
FN:23,parseDicom
FN:28,readTransferSyntax
FN:38,isExplicit
FN:48,getDataSetByteStream
FN:102,mergeDataSets
FN:116,readDataSet
FN:145,parseTheByteStream
FNF:7
FNH:7
FNDA:3,parseDicom
FNDA:3,readTransferSyntax
FNDA:3,isExplicit
FNDA:3,getDataSetByteStream
FNDA:3,mergeDataSets
FNDA:3,readDataSet
FNDA:3,parseTheByteStream
DA:24,3
DA:25,0
DA:29,3
DA:30,0
DA:33,3
DA:35,3
DA:40,3
DA:41,1
DA:45,2
DA:49,3
DA:51,0
DA:52,0
DA:54,0
DA:58,0
DA:60,0
DA:61,0
DA:62,0
DA:65,0
DA:67,0
DA:68,0
DA:70,0
DA:74,0
DA:76,0
DA:77,0
DA:80,0
DA:82,0
DA:83,0
DA:85,0
DA:89,0
DA:93,3
DA:94,1
DA:99,2
DA:103,3
DA:104,18
DA:105,18
DA:109,3
DA:110,3
DA:113,3
DA:117,3
DA:118,3
DA:119,3
DA:121,3
DA:122,3
DA:124,3
DA:126,3
DA:127,3
DA:128,2
DA:130,1
DA:133,0
DA:138,0
DA:141,3
DA:146,3
DA:147,3
DA:149,3
DA:153,3
LF:55
LH:32
BRDA:24,0,0,0
BRDA:24,0,1,3
BRDA:29,1,0,0
BRDA:29,1,1,3
BRDA:40,2,0,1
BRDA:40,2,1,2
BRDA:49,3,0,0
BRDA:49,3,1,3
BRDA:51,4,0,0
BRDA:51,4,1,0
BRDA:51,5,0,0
BRDA:51,5,1,0
BRDA:58,6,0,0
BRDA:58,6,1,0
BRDA:58,7,0,0
BRDA:58,7,1,0
BRDA:74,8,0,0
BRDA:74,8,1,0
BRDA:93,9,0,1
BRDA:93,9,1,2
BRDA:104,10,0,18
BRDA:104,10,1,0
BRDA:109,11,0,3
BRDA:109,11,1,0
BRDA:127,12,0,2
BRDA:127,12,1,1
BRF:26
BRH:11
end_of_record
TN:
SF:/Users/jn015941/Workspaces/dicomParser/src/readEncapsulatedPixelDataFromFragments.js
FN:10,(anonymous_0)
FN:31,readEncapsulatedPixelDataFromFragments
FNF:2
FNH:0
FNDA:0,(anonymous_0)
FNDA:0,readEncapsulatedPixelDataFromFragments
DA:10,1
DA:11,0
DA:13,0
DA:14,0
DA:17,0
DA:33,0
DA:34,0
DA:37,0
DA:38,0
DA:40,0
DA:41,0
DA:43,0
DA:44,0
DA:46,0
DA:47,0
DA:49,0
DA:50,0
DA:52,0
DA:53,0
DA:55,0
DA:56,0
DA:58,0
DA:59,0
DA:61,0
DA:62,0
DA:64,0
DA:65,0
DA:67,0
DA:68,0
DA:70,0
DA:71,0
DA:73,0
DA:74,0
DA:76,0
DA:77,0
DA:81,0
DA:84,0
DA:86,0
DA:87,0
DA:90,0
DA:92,0
DA:95,0
DA:98,0
DA:99,0
DA:103,0
DA:104,0
DA:105,0
DA:107,0
DA:108,0
DA:110,0
DA:111,0
DA:115,0
LF:52
LH:1
BRDA:33,0,0,0
BRDA:33,0,1,0
BRDA:34,1,0,0
BRDA:34,1,1,0
BRDA:37,2,0,0
BRDA:37,2,1,0
BRDA:40,3,0,0
BRDA:40,3,1,0
BRDA:43,4,0,0
BRDA:43,4,1,0
BRDA:46,5,0,0
BRDA:46,5,1,0
BRDA:49,6,0,0
BRDA:49,6,1,0
BRDA:52,7,0,0
BRDA:52,7,1,0
BRDA:55,8,0,0
BRDA:55,8,1,0
BRDA:58,9,0,0
BRDA:58,9,1,0
BRDA:61,10,0,0
BRDA:61,10,1,0
BRDA:64,11,0,0
BRDA:64,11,1,0
BRDA:67,12,0,0
BRDA:67,12,1,0
BRDA:70,13,0,0
BRDA:70,13,1,0
BRDA:73,14,0,0
BRDA:73,14,1,0
BRDA:76,15,0,0
BRDA:76,15,1,0
BRDA:86,16,0,0
BRDA:86,16,1,0
BRDA:98,17,0,0
BRDA:98,17,1,0
BRF:36
BRH:0
end_of_record
TN:
SF:/Users/jn015941/Workspaces/dicomParser/src/readEncapsulatedImageFrame.js
FN:7,(anonymous_0)
FN:15,(anonymous_1)
FN:47,readEncapsulatedImageFrame
FNF:3
FNH:0
FNDA:0,(anonymous_0)
FNDA:0,(anonymous_1)
FNDA:0,readEncapsulatedImageFrame
DA:7,1
DA:8,0
DA:9,0
DA:10,0
DA:15,1
DA:17,0
DA:18,0
DA:22,0
DA:24,0
DA:25,0
DA:26,0
DA:30,0
DA:49,0
DA:50,0
DA:53,0
DA:54,0
DA:56,0
DA:57,0
DA:59,0
DA:60,0
DA:62,0
DA:63,0
DA:65,0
DA:66,0
DA:68,0
DA:69,0
DA:71,0
DA:72,0
DA:74,0
DA:75,0
DA:77,0
DA:78,0
DA:80,0
DA:81,0
DA:83,0
DA:84,0
DA:88,0
DA:89,0
DA:91,0
DA:92,0
DA:96,0
DA:99,0
LF:42
LH:2
BRDA:9,0,0,0
BRDA:9,0,1,0
BRDA:17,1,0,0
BRDA:17,1,1,0
BRDA:25,2,0,0
BRDA:25,2,1,0
BRDA:49,3,0,0
BRDA:49,3,1,0
BRDA:50,4,0,0
BRDA:50,4,1,0
BRDA:53,5,0,0
BRDA:53,5,1,0
BRDA:56,6,0,0
BRDA:56,6,1,0
BRDA:59,7,0,0
BRDA:59,7,1,0
BRDA:62,8,0,0
BRDA:62,8,1,0
BRDA:65,9,0,0
BRDA:65,9,1,0
BRDA:68,10,0,0
BRDA:68,10,1,0
BRDA:71,11,0,0
BRDA:71,11,1,0
BRDA:74,12,0,0
BRDA:74,12,1,0
BRDA:77,13,0,0
BRDA:77,13,1,0
BRDA:80,14,0,0
BRDA:80,14,1,0
BRDA:83,15,0,0
BRDA:83,15,1,0
BRDA:91,16,0,0
BRDA:91,16,1,0
BRF:34
BRH:0
end_of_record
TN:
SF:/Users/jn015941/Workspaces/dicomParser/src/readEncapsulatedPixelData.js
FN:22,readEncapsulatedPixelData
FNF:1
FNH:0
FNDA:0,readEncapsulatedPixelData
DA:8,1
DA:23,0
DA:24,0
DA:26,0
DA:27,0
DA:31,0
DA:32,0
DA:34,0
DA:35,0
DA:37,0
DA:38,0
DA:40,0
DA:41,0
DA:43,0
DA:44,0
DA:46,0
DA:47,0
DA:49,0
DA:50,0
DA:52,0
DA:53,0
DA:55,0
DA:56,0
DA:60,0
DA:61,0
DA:66,0
LF:26
LH:1
BRDA:23,0,0,0
BRDA:23,0,1,0
BRDA:26,1,0,0
BRDA:26,1,1,0
BRDA:26,2,0,0
BRDA:26,2,1,0
BRDA:31,3,0,0
BRDA:31,3,1,0
BRDA:34,4,0,0
BRDA:34,4,1,0
BRDA:37,5,0,0
BRDA:37,5,1,0
BRDA:40,6,0,0
BRDA:40,6,1,0
BRDA:43,7,0,0
BRDA:43,7,1,0
BRDA:46,8,0,0
BRDA:46,8,1,0
BRDA:49,9,0,0
BRDA:49,9,1,0
BRDA:52,10,0,0
BRDA:52,10,1,0
BRDA:55,11,0,0
BRDA:55,11,1,0
BRDA:60,12,0,0
BRDA:60,12,1,0
BRF:26
BRH:0
end_of_record
TN:
SF:/Users/jn015941/Workspaces/dicomParser/src/index.js
FNF:0
FNH:0
LF:0
LH:0
BRF:0
BRH:0
end_of_record
